<?xml version="1.0" encoding="UTF-8"?>
<!-- Generated by org.testng.reporters.JUnitXMLReporter -->
<testsuite ignored="0" hostname="Jagan" failures="0" tests="4" name="Default test" time="7.088" errors="0" timestamp="2025-07-10T14:24:53 IST">
  <testcase classname="api.test.StoreTests" name="testGetInventory" time="2.638"/>
  <testcase classname="api.test.StoreTests" name="testCreateOrder" time="1.967"/>
  <testcase classname="api.test.StoreTests" name="testGetOrder" time="1.167"/>
  <testcase classname="api.test.StoreTests" name="testDeleteOrder" time="1.202"/>
</testsuite> <!-- Default test -->
