<?xml version="1.0" encoding="UTF-8"?>
<!-- Generated by org.testng.reporters.JUnitXMLReporter -->
<testsuite ignored="0" hostname="Jagan" failures="0" tests="4" name="Default test" time="9.127" errors="0" timestamp="2025-07-10T14:40:05 IST">
  <testcase classname="api.test.UserTests" name="testCreateUser" time="3.031"/>
  <testcase classname="api.test.UserTests" name="testGetUser" time="1.676"/>
  <testcase classname="api.test.UserTests" name="testUpdateUser" time="2.397"/>
  <testcase classname="api.test.UserTests" name="testDeleteUser" time="1.265"/>
</testsuite> <!-- Default test -->
