<?xml version="1.0" encoding="UTF-8"?>
<!-- Generated by org.testng.reporters.JUnitXMLReporter -->
<testsuite ignored="0" hostname="Jagan" failures="1" tests="4" name="Test" time="13.408" errors="0" timestamp="2025-07-09T13:47:12 IST">
  <testcase classname="api.test.UserTests2" name="testCreateUser" time="4.366"/>
  <testcase classname="api.test.UserTests2" name="testGetUser" time="1.667">
    <failure type="java.lang.AssertionError" message="expected [200] but found [404]">
      <![CDATA[java.lang.AssertionError: expected [200] but found [404]
at api.test.UserTests2.testGetUser(UserTests2.java:56)
at java.base/java.util.ArrayList.forEach(ArrayList.java:1596)
... Removed 32 stack frames]]>
    </failure>
  </testcase> <!-- testGetUser -->
  <testcase classname="api.test.UserTests2" name="testUpdateUser" time="4.114"/>
  <testcase classname="api.test.UserTests2" name="testDeleteUser" time="1.596"/>
</testsuite> <!-- Test -->
