<?xml version="1.0" encoding="UTF-8"?>
<!-- Generated by org.testng.reporters.JUnitXMLReporter -->
<testsuite ignored="0" hostname="Jagan" failures="0" tests="9" name="Test" time="24.816" errors="0" timestamp="2025-07-09T14:11:22 IST">
  <testcase classname="api.test.DataDrivenTests" name="testCreateUsers" time="7.263"/>
  <testcase classname="api.test.DataDrivenTests" name="testCreateUsers" time="1.535"/>
  <testcase classname="api.test.DataDrivenTests" name="testCreateUsers" time="1.538"/>
  <testcase classname="api.test.DataDrivenTests" name="testGetUsers" time="1.679"/>
  <testcase classname="api.test.DataDrivenTests" name="testGetUsers" time="2.508"/>
  <testcase classname="api.test.DataDrivenTests" name="testGetUsers" time="1.548"/>
  <testcase classname="api.test.DataDrivenTests" name="testDeleteUsers" time="1.601"/>
  <testcase classname="api.test.DataDrivenTests" name="testDeleteUsers" time="1.533"/>
  <testcase classname="api.test.DataDrivenTests" name="testDeleteUsers" time="1.465"/>
</testsuite> <!-- Test -->
