<?xml version="1.0" encoding="UTF-8"?>
<testng-results ignored="0" total="9" passed="9" failed="0" skipped="0">
  <reporter-output>
  </reporter-output>
  <suite started-at="2025-07-09T14:10:57 IST" name="Suite" finished-at="2025-07-09T14:11:21 IST" duration-ms="24816">
    <groups>
    </groups>
    <test started-at="2025-07-09T14:10:57 IST" name="Test" finished-at="2025-07-09T14:11:21 IST" duration-ms="24816">
      <class name="api.test.DataDrivenTests">
        <test-method signature="testCreateUsers(java.lang.String,java.lang.String,java.lang.String,java.lang.String,java.lang.String,java.lang.String,java.lang.String)[pri:1, instance:api.test.DataDrivenTests@15ff3e9e]" started-at="2025-07-09T14:11:00 IST" name="testCreateUsers" data-provider="Data" finished-at="2025-07-09T14:11:08 IST" duration-ms="7263" status="PASS">
          <params>
            <param index="0">
              <value>
                <![CDATA[1010]]>
              </value>
            </param>
            <param index="1">
              <value>
                <![CDATA[testuser1]]>
              </value>
            </param>
            <param index="2">
              <value>
                <![CDATA[John]]>
              </value>
            </param>
            <param index="3">
              <value>
                <![CDATA[Canedy]]>
              </value>
            </param>
            <param index="4">
              <value>
                <![CDATA[test1@gmail.com]]>
              </value>
            </param>
            <param index="5">
              <value>
                <![CDATA[test@1]]>
              </value>
            </param>
            <param index="6">
              <value>
                <![CDATA[1234567890]]>
              </value>
            </param>
          </params>
          <reporter-output>
          </reporter-output>
        </test-method> <!-- testCreateUsers -->
        <test-method signature="testCreateUsers(java.lang.String,java.lang.String,java.lang.String,java.lang.String,java.lang.String,java.lang.String,java.lang.String)[pri:1, instance:api.test.DataDrivenTests@15ff3e9e]" started-at="2025-07-09T14:11:08 IST" name="testCreateUsers" data-provider="Data" finished-at="2025-07-09T14:11:09 IST" duration-ms="1535" status="PASS">
          <params>
            <param index="0">
              <value>
                <![CDATA[1020]]>
              </value>
            </param>
            <param index="1">
              <value>
                <![CDATA[testuser2]]>
              </value>
            </param>
            <param index="2">
              <value>
                <![CDATA[Kim]]>
              </value>
            </param>
            <param index="3">
              <value>
                <![CDATA[Kom]]>
              </value>
            </param>
            <param index="4">
              <value>
                <![CDATA[test2@gmail.com]]>
              </value>
            </param>
            <param index="5">
              <value>
                <![CDATA[test@2]]>
              </value>
            </param>
            <param index="6">
              <value>
                <![CDATA[1234567890]]>
              </value>
            </param>
          </params>
          <reporter-output>
          </reporter-output>
        </test-method> <!-- testCreateUsers -->
        <test-method signature="testCreateUsers(java.lang.String,java.lang.String,java.lang.String,java.lang.String,java.lang.String,java.lang.String,java.lang.String)[pri:1, instance:api.test.DataDrivenTests@15ff3e9e]" started-at="2025-07-09T14:11:09 IST" name="testCreateUsers" data-provider="Data" finished-at="2025-07-09T14:11:11 IST" duration-ms="1538" status="PASS">
          <params>
            <param index="0">
              <value>
                <![CDATA[1030]]>
              </value>
            </param>
            <param index="1">
              <value>
                <![CDATA[testuser3]]>
              </value>
            </param>
            <param index="2">
              <value>
                <![CDATA[Steve]]>
              </value>
            </param>
            <param index="3">
              <value>
                <![CDATA[Steve]]>
              </value>
            </param>
            <param index="4">
              <value>
                <![CDATA[test3@gmail.com]]>
              </value>
            </param>
            <param index="5">
              <value>
                <![CDATA[test@3]]>
              </value>
            </param>
            <param index="6">
              <value>
                <![CDATA[1234567890]]>
              </value>
            </param>
          </params>
          <reporter-output>
          </reporter-output>
        </test-method> <!-- testCreateUsers -->
        <test-method signature="testGetUsers(java.lang.String)[pri:2, instance:api.test.DataDrivenTests@15ff3e9e]" started-at="2025-07-09T14:11:11 IST" name="testGetUsers" data-provider="UserNames" finished-at="2025-07-09T14:11:13 IST" duration-ms="1679" status="PASS">
          <params>
            <param index="0">
              <value>
                <![CDATA[testuser1]]>
              </value>
            </param>
          </params>
          <reporter-output>
          </reporter-output>
        </test-method> <!-- testGetUsers -->
        <test-method signature="testGetUsers(java.lang.String)[pri:2, instance:api.test.DataDrivenTests@15ff3e9e]" started-at="2025-07-09T14:11:13 IST" name="testGetUsers" data-provider="UserNames" finished-at="2025-07-09T14:11:15 IST" duration-ms="2508" status="PASS">
          <params>
            <param index="0">
              <value>
                <![CDATA[testuser2]]>
              </value>
            </param>
          </params>
          <reporter-output>
          </reporter-output>
        </test-method> <!-- testGetUsers -->
        <test-method signature="testGetUsers(java.lang.String)[pri:2, instance:api.test.DataDrivenTests@15ff3e9e]" started-at="2025-07-09T14:11:15 IST" name="testGetUsers" data-provider="UserNames" finished-at="2025-07-09T14:11:17 IST" duration-ms="1548" status="PASS">
          <params>
            <param index="0">
              <value>
                <![CDATA[testuser3]]>
              </value>
            </param>
          </params>
          <reporter-output>
          </reporter-output>
        </test-method> <!-- testGetUsers -->
        <test-method signature="testDeleteUsers(java.lang.String)[pri:3, instance:api.test.DataDrivenTests@15ff3e9e]" started-at="2025-07-09T14:11:17 IST" name="testDeleteUsers" data-provider="UserNames" finished-at="2025-07-09T14:11:18 IST" duration-ms="1601" status="PASS">
          <params>
            <param index="0">
              <value>
                <![CDATA[testuser1]]>
              </value>
            </param>
          </params>
          <reporter-output>
          </reporter-output>
        </test-method> <!-- testDeleteUsers -->
        <test-method signature="testDeleteUsers(java.lang.String)[pri:3, instance:api.test.DataDrivenTests@15ff3e9e]" started-at="2025-07-09T14:11:18 IST" name="testDeleteUsers" data-provider="UserNames" finished-at="2025-07-09T14:11:20 IST" duration-ms="1533" status="PASS">
          <params>
            <param index="0">
              <value>
                <![CDATA[testuser2]]>
              </value>
            </param>
          </params>
          <reporter-output>
          </reporter-output>
        </test-method> <!-- testDeleteUsers -->
        <test-method signature="testDeleteUsers(java.lang.String)[pri:3, instance:api.test.DataDrivenTests@15ff3e9e]" started-at="2025-07-09T14:11:20 IST" name="testDeleteUsers" data-provider="UserNames" finished-at="2025-07-09T14:11:21 IST" duration-ms="1465" status="PASS">
          <params>
            <param index="0">
              <value>
                <![CDATA[testuser3]]>
              </value>
            </param>
          </params>
          <reporter-output>
          </reporter-output>
        </test-method> <!-- testDeleteUsers -->
      </class> <!-- api.test.DataDrivenTests -->
    </test> <!-- Test -->
  </suite> <!-- Suite -->
</testng-results>
