<?xml version="1.0" encoding="UTF-8"?>
<testng-results ignored="0" total="4" passed="4" failed="0" skipped="0">
  <reporter-output>
  </reporter-output>
  <suite started-at="2025-07-10T01:45:32 IST" name="Default suite" finished-at="2025-07-10T01:45:39 IST" duration-ms="6846">
    <groups>
    </groups>
    <test started-at="2025-07-10T01:45:32 IST" name="Default test" finished-at="2025-07-10T01:45:39 IST" duration-ms="6846">
      <class name="api.test.StoreTests">
        <test-method is-config="true" signature="setUpData()[pri:0, instance:api.test.StoreTests@1fa121e2]" started-at="2025-07-10T01:45:32 IST" name="setUpData" finished-at="2025-07-10T01:45:32 IST" duration-ms="63" status="PASS">
          <reporter-output>
          </reporter-output>
        </test-method> <!-- setUpData -->
        <test-method signature="testGetInventory()[pri:1, instance:api.test.StoreTests@1fa121e2]" started-at="2025-07-10T01:45:32 IST" name="testGetInventory" finished-at="2025-07-10T01:45:35 IST" duration-ms="2681" status="PASS">
          <reporter-output>
          </reporter-output>
        </test-method> <!-- testGetInventory -->
        <test-method signature="testCreateOrder()[pri:2, instance:api.test.StoreTests@1fa121e2]" started-at="2025-07-10T01:45:35 IST" name="testCreateOrder" finished-at="2025-07-10T01:45:36 IST" duration-ms="1468" status="PASS">
          <reporter-output>
          </reporter-output>
        </test-method> <!-- testCreateOrder -->
        <test-method signature="testGetOrder()[pri:3, instance:api.test.StoreTests@1fa121e2]" started-at="2025-07-10T01:45:36 IST" name="testGetOrder" finished-at="2025-07-10T01:45:37 IST" duration-ms="1213" status="PASS">
          <reporter-output>
          </reporter-output>
        </test-method> <!-- testGetOrder -->
        <test-method signature="testDeleteOrder()[pri:4, instance:api.test.StoreTests@1fa121e2]" started-at="2025-07-10T01:45:37 IST" name="testDeleteOrder" finished-at="2025-07-10T01:45:39 IST" duration-ms="1381" status="PASS">
          <reporter-output>
          </reporter-output>
        </test-method> <!-- testDeleteOrder -->
      </class> <!-- api.test.StoreTests -->
    </test> <!-- Default test -->
  </suite> <!-- Default suite -->
</testng-results>
