<?xml version="1.0" encoding="UTF-8"?>
<testng-results ignored="0" total="4" passed="4" failed="0" skipped="0">
  <reporter-output>
  </reporter-output>
  <suite started-at="2025-07-10T14:39:56 IST" name="Default suite" finished-at="2025-07-10T14:40:05 IST" duration-ms="9127">
    <groups>
    </groups>
    <test started-at="2025-07-10T14:39:56 IST" name="Default test" finished-at="2025-07-10T14:40:05 IST" duration-ms="9127">
      <class name="api.test.UserTests">
        <test-method is-config="true" signature="setupData()[pri:0, instance:api.test.UserTests@3cd3e762]" started-at="2025-07-10T14:39:56 IST" name="setupData" finished-at="2025-07-10T14:39:57 IST" duration-ms="710" status="PASS">
          <reporter-output>
          </reporter-output>
        </test-method> <!-- setupData -->
        <test-method signature="testCreateUser()[pri:1, instance:api.test.UserTests@3cd3e762]" started-at="2025-07-10T14:39:57 IST" name="testCreateUser" finished-at="2025-07-10T14:40:00 IST" duration-ms="3031" status="PASS">
          <reporter-output>
          </reporter-output>
        </test-method> <!-- testCreateUser -->
        <test-method signature="testGetUser()[pri:2, instance:api.test.UserTests@3cd3e762]" started-at="2025-07-10T14:40:00 IST" name="testGetUser" finished-at="2025-07-10T14:40:01 IST" duration-ms="1676" status="PASS">
          <reporter-output>
          </reporter-output>
        </test-method> <!-- testGetUser -->
        <test-method signature="testUpdateUser()[pri:3, instance:api.test.UserTests@3cd3e762]" started-at="2025-07-10T14:40:01 IST" name="testUpdateUser" finished-at="2025-07-10T14:40:04 IST" duration-ms="2397" status="PASS">
          <reporter-output>
          </reporter-output>
        </test-method> <!-- testUpdateUser -->
        <test-method signature="testDeleteUser()[pri:4, instance:api.test.UserTests@3cd3e762]" started-at="2025-07-10T14:40:04 IST" name="testDeleteUser" finished-at="2025-07-10T14:40:05 IST" duration-ms="1265" status="PASS">
          <reporter-output>
          </reporter-output>
        </test-method> <!-- testDeleteUser -->
      </class> <!-- api.test.UserTests -->
    </test> <!-- Default test -->
  </suite> <!-- Default suite -->
</testng-results>
